  [1m[36m (90.2ms)[0m  [1mCREATE TABLE "schema_migrations" ("version" varchar(255) NOT NULL) [0m
  [1m[35m (0.1ms)[0m  select sqlite_version(*)
  [1m[36m (10.4ms)[0m  [1mCREATE UNIQUE INDEX "unique_schema_migrations" ON "schema_migrations" ("version")[0m
  [1m[35mActiveRecord::SchemaMigration Load (0.3ms)[0m  SELECT "schema_migrations".* FROM "schema_migrations"
Migrating to CreateComments (20140531022751)
  [1m[36m (0.1ms)[0m  [1mbegin transaction[0m
  [1m[35m (0.4ms)[0m  CREATE TABLE "comments" ("id" INTEGER PRIMARY KEY AUTOINCREMENT NOT NULL, "id_photo" integer NOT NULL, "name" varchar(255) NOT NULL, "title" varchar(255) NOT NULL, "body" text NOT NULL, "created_at" datetime, "updated_at" datetime) 
  [1m[36mSQL (31.0ms)[0m  [1mINSERT INTO "schema_migrations" ("version") VALUES (?)[0m  [["version", "20140531022751"]]
  [1m[35m (39.8ms)[0m  commit transaction
  [1m[36mActiveRecord::SchemaMigration Load (0.1ms)[0m  [1mSELECT "schema_migrations".* FROM "schema_migrations"[0m


Started GET "/" for 127.0.0.1 at 2014-06-11 16:39:29 -0300
  [1m[36mActiveRecord::SchemaMigration Load (0.2ms)[0m  [1mSELECT "schema_migrations".* FROM "schema_migrations"[0m
Processing by Rails::WelcomeController#index as HTML
  Rendered /var/lib/gems/1.9.1/gems/railties-4.1.0/lib/rails/templates/rails/welcome/index.html.erb (25.7ms)
Completed 200 OK in 175ms (Views: 133.4ms | ActiveRecord: 0.0ms)


Started GET "/comments" for 127.0.0.1 at 2014-06-11 16:39:50 -0300
Processing by CommentsController#index as JSON
  [1m[35mComment Load (0.3ms)[0m  SELECT "comments".* FROM "comments"
Completed 200 OK in 13ms (Views: 0.9ms | ActiveRecord: 0.3ms)


Started GET "/comments" for 127.0.0.1 at 2014-06-11 23:19:19 -0300
  [1m[36mActiveRecord::SchemaMigration Load (0.3ms)[0m  [1mSELECT "schema_migrations".* FROM "schema_migrations"[0m
Processing by CommentsController#index as JSON
  [1m[35mComment Load (0.2ms)[0m  SELECT "comments".* FROM "comments"
Completed 200 OK in 62ms (Views: 2.5ms | ActiveRecord: 0.2ms)


Started GET "/" for 127.0.0.1 at 2014-06-12 00:11:32 -0300
  [1m[36mActiveRecord::SchemaMigration Load (0.2ms)[0m  [1mSELECT "schema_migrations".* FROM "schema_migrations"[0m
Processing by CommentsController#index as HTML
Completed 406 Not Acceptable in 29ms

ActionController::UnknownFormat (ActionController::UnknownFormat):
  app/controllers/comments_controller.rb:10:in `index'


  Rendered /var/lib/gems/1.9.1/gems/actionpack-4.1.0/lib/action_dispatch/middleware/templates/rescues/_source.erb (0.8ms)
  Rendered /var/lib/gems/1.9.1/gems/actionpack-4.1.0/lib/action_dispatch/middleware/templates/rescues/_trace.html.erb (2.4ms)
  Rendered /var/lib/gems/1.9.1/gems/actionpack-4.1.0/lib/action_dispatch/middleware/templates/rescues/_request_and_response.html.erb (1.4ms)
  Rendered /var/lib/gems/1.9.1/gems/actionpack-4.1.0/lib/action_dispatch/middleware/templates/rescues/diagnostics.erb within rescues/layout (143.7ms)


Started GET "/" for 127.0.0.1 at 2014-06-12 00:11:44 -0300
Processing by CommentsController#index as HTML
Completed 406 Not Acceptable in 1ms

ActionController::UnknownFormat (ActionController::UnknownFormat):
  app/controllers/comments_controller.rb:10:in `index'


  Rendered /var/lib/gems/1.9.1/gems/actionpack-4.1.0/lib/action_dispatch/middleware/templates/rescues/_source.erb (0.7ms)
  Rendered /var/lib/gems/1.9.1/gems/actionpack-4.1.0/lib/action_dispatch/middleware/templates/rescues/_trace.html.erb (13.1ms)
  Rendered /var/lib/gems/1.9.1/gems/actionpack-4.1.0/lib/action_dispatch/middleware/templates/rescues/_request_and_response.html.erb (1.4ms)
  Rendered /var/lib/gems/1.9.1/gems/actionpack-4.1.0/lib/action_dispatch/middleware/templates/rescues/diagnostics.erb within rescues/layout (47.3ms)


Started GET "/" for 127.0.0.1 at 2014-06-12 00:12:26 -0300

SyntaxError (/home/fran/webservice_comments/config/routes.rb:6: syntax error, unexpected ':', expecting keyword_end
   root 'comments#index':defaults => { :format => 'json' }
                         ^):
  activesupport (4.1.0) lib/active_support/dependencies.rb:241:in `load'
  activesupport (4.1.0) lib/active_support/dependencies.rb:241:in `block in load'
  activesupport (4.1.0) lib/active_support/dependencies.rb:232:in `load_dependency'
  activesupport (4.1.0) lib/active_support/dependencies.rb:241:in `load'
  railties (4.1.0) lib/rails/application/routes_reloader.rb:40:in `block in load_paths'
  railties (4.1.0) lib/rails/application/routes_reloader.rb:40:in `each'
  railties (4.1.0) lib/rails/application/routes_reloader.rb:40:in `load_paths'
  railties (4.1.0) lib/rails/application/routes_reloader.rb:16:in `reload!'
  railties (4.1.0) lib/rails/application/routes_reloader.rb:26:in `block in updater'
  activesupport (4.1.0) lib/active_support/file_update_checker.rb:75:in `call'
  activesupport (4.1.0) lib/active_support/file_update_checker.rb:75:in `execute'
  railties (4.1.0) lib/rails/application/routes_reloader.rb:7:in `execute'
  railties (4.1.0) lib/rails/application/finisher.rb:83:in `block (2 levels) in <module:Finisher>'
  activesupport (4.1.0) lib/active_support/callbacks.rb:438:in `instance_exec'
  activesupport (4.1.0) lib/active_support/callbacks.rb:438:in `block in make_lambda'
  activesupport (4.1.0) lib/active_support/callbacks.rb:184:in `call'
  activesupport (4.1.0) lib/active_support/callbacks.rb:184:in `block in simple'
  activesupport (4.1.0) lib/active_support/callbacks.rb:185:in `call'
  activesupport (4.1.0) lib/active_support/callbacks.rb:185:in `block in simple'
  activesupport (4.1.0) lib/active_support/callbacks.rb:185:in `call'
  activesupport (4.1.0) lib/active_support/callbacks.rb:185:in `block in simple'
  activesupport (4.1.0) lib/active_support/callbacks.rb:86:in `call'
  activesupport (4.1.0) lib/active_support/callbacks.rb:86:in `run_callbacks'
  actionpack (4.1.0) lib/action_dispatch/middleware/reloader.rb:83:in `prepare!'
  actionpack (4.1.0) lib/action_dispatch/middleware/reloader.rb:71:in `call'
  actionpack (4.1.0) lib/action_dispatch/middleware/remote_ip.rb:76:in `call'
  actionpack (4.1.0) lib/action_dispatch/middleware/debug_exceptions.rb:17:in `call'
  actionpack (4.1.0) lib/action_dispatch/middleware/show_exceptions.rb:30:in `call'
  railties (4.1.0) lib/rails/rack/logger.rb:38:in `call_app'
  railties (4.1.0) lib/rails/rack/logger.rb:20:in `block in call'
  activesupport (4.1.0) lib/active_support/tagged_logging.rb:68:in `block in tagged'
  activesupport (4.1.0) lib/active_support/tagged_logging.rb:26:in `tagged'
  activesupport (4.1.0) lib/active_support/tagged_logging.rb:68:in `tagged'
  railties (4.1.0) lib/rails/rack/logger.rb:20:in `call'
  actionpack (4.1.0) lib/action_dispatch/middleware/request_id.rb:21:in `call'
  rack (1.5.2) lib/rack/methodoverride.rb:21:in `call'
  rack (1.5.2) lib/rack/runtime.rb:17:in `call'
  activesupport (4.1.0) lib/active_support/cache/strategy/local_cache_middleware.rb:26:in `call'
  rack (1.5.2) lib/rack/lock.rb:17:in `call'
  actionpack (4.1.0) lib/action_dispatch/middleware/static.rb:64:in `call'
  rack (1.5.2) lib/rack/sendfile.rb:112:in `call'
  railties (4.1.0) lib/rails/engine.rb:514:in `call'
  railties (4.1.0) lib/rails/application.rb:144:in `call'
  rack (1.5.2) lib/rack/lock.rb:17:in `call'
  rack (1.5.2) lib/rack/content_length.rb:14:in `call'
  rack (1.5.2) lib/rack/handler/webrick.rb:60:in `service'
  /usr/lib/ruby/1.9.1/webrick/httpserver.rb:138:in `service'
  /usr/lib/ruby/1.9.1/webrick/httpserver.rb:94:in `run'
  /usr/lib/ruby/1.9.1/webrick/server.rb:191:in `block in start_thread'


  Rendered /var/lib/gems/1.9.1/gems/actionpack-4.1.0/lib/action_dispatch/middleware/templates/rescues/_source.erb (1.3ms)
  Rendered /var/lib/gems/1.9.1/gems/actionpack-4.1.0/lib/action_dispatch/middleware/templates/rescues/_trace.html.erb (1.2ms)
  Rendered /var/lib/gems/1.9.1/gems/actionpack-4.1.0/lib/action_dispatch/middleware/templates/rescues/_request_and_response.html.erb (1.0ms)
  Rendered /var/lib/gems/1.9.1/gems/actionpack-4.1.0/lib/action_dispatch/middleware/templates/rescues/diagnostics.erb within rescues/layout (54.1ms)


Started GET "/" for 127.0.0.1 at 2014-06-12 00:12:41 -0300
Processing by CommentsController#index as JSON
  [1m[35mComment Load (3.6ms)[0m  SELECT "comments".* FROM "comments"
Completed 200 OK in 15ms (Views: 4.2ms | ActiveRecord: 3.6ms)


Started GET "/" for 127.0.0.1 at 2014-06-12 00:12:46 -0300
Processing by CommentsController#index as JSON
  [1m[36mComment Load (0.2ms)[0m  [1mSELECT "comments".* FROM "comments"[0m
Completed 200 OK in 4ms (Views: 3.2ms | ActiveRecord: 0.2ms)


Started GET "/" for 127.0.0.1 at 2014-06-12 01:03:38 -0300
  [1m[36mActiveRecord::SchemaMigration Load (0.2ms)[0m  [1mSELECT "schema_migrations".* FROM "schema_migrations"[0m
Processing by CommentsController#index as JSON
  [1m[35mComment Load (0.2ms)[0m  SELECT "comments".* FROM "comments"
Completed 200 OK in 31ms (Views: 3.0ms | ActiveRecord: 0.2ms)


Started GET "/" for 127.0.0.1 at 2014-06-12 01:42:51 -0300
  [1m[36mActiveRecord::SchemaMigration Load (0.8ms)[0m  [1mSELECT "schema_migrations".* FROM "schema_migrations"[0m
Processing by HomeController#index as HTML
  Rendered home/index.html.erb within layouts/application (6.0ms)
Completed 200 OK in 1738ms (Views: 1688.9ms | ActiveRecord: 0.0ms)


Started GET "/assets/application.css?body=1" for 127.0.0.1 at 2014-06-12 01:42:55 -0300


Started GET "/assets/jquery.js?body=1" for 127.0.0.1 at 2014-06-12 01:42:55 -0300


Started GET "/assets/turbolinks.js?body=1" for 127.0.0.1 at 2014-06-12 01:42:55 -0300


Started GET "/assets/jquery_ujs.js?body=1" for 127.0.0.1 at 2014-06-12 01:42:55 -0300


Started GET "/assets/application.js?body=1" for 127.0.0.1 at 2014-06-12 01:42:55 -0300


Started GET "/" for 127.0.0.1 at 2014-06-12 10:55:34 -0300
  [1m[36mActiveRecord::SchemaMigration Load (0.6ms)[0m  [1mSELECT "schema_migrations".* FROM "schema_migrations"[0m
Processing by HomeController#index as HTML
  Rendered home/index.html.erb within layouts/application (15.4ms)
Completed 200 OK in 871ms (Views: 692.2ms | ActiveRecord: 0.0ms)


Started GET "/assets/application.css?body=1" for 127.0.0.1 at 2014-06-12 10:55:42 -0300


Started GET "/assets/jquery_ujs.js?body=1" for 127.0.0.1 at 2014-06-12 10:55:42 -0300


Started GET "/assets/jquery.js?body=1" for 127.0.0.1 at 2014-06-12 10:55:42 -0300


Started GET "/assets/turbolinks.js?body=1" for 127.0.0.1 at 2014-06-12 10:55:42 -0300


Started GET "/assets/application.js?body=1" for 127.0.0.1 at 2014-06-12 10:55:42 -0300


Started GET "/" for 127.0.0.1 at 2014-06-12 11:35:22 -0300
  [1m[36mActiveRecord::SchemaMigration Load (0.3ms)[0m  [1mSELECT "schema_migrations".* FROM "schema_migrations"[0m
Processing by HomeController#index as HTML
  Rendered home/index.html.erb within layouts/application (4.4ms)
Completed 200 OK in 527ms (Views: 428.4ms | ActiveRecord: 0.0ms)


Started GET "/assets/application.css?body=1" for 127.0.0.1 at 2014-06-12 11:35:27 -0300


Started GET "/assets/jquery_ujs.js?body=1" for 127.0.0.1 at 2014-06-12 11:35:27 -0300


Started GET "/assets/jquery.js?body=1" for 127.0.0.1 at 2014-06-12 11:35:27 -0300


Started GET "/assets/turbolinks.js?body=1" for 127.0.0.1 at 2014-06-12 11:35:27 -0300


Started GET "/assets/application.js?body=1" for 127.0.0.1 at 2014-06-12 11:35:27 -0300


Started GET "/" for 127.0.0.1 at 2014-06-12 12:04:32 -0300
  [1m[36mActiveRecord::SchemaMigration Load (0.2ms)[0m  [1mSELECT "schema_migrations".* FROM "schema_migrations"[0m
Processing by HomeController#index as HTML
  Rendered home/index.html.erb within layouts/application (5.3ms)
Completed 200 OK in 359ms (Views: 332.3ms | ActiveRecord: 0.0ms)


Started GET "/assets/application.css?body=1" for 127.0.0.1 at 2014-06-12 12:04:35 -0300


Started GET "/assets/jquery.js?body=1" for 127.0.0.1 at 2014-06-12 12:04:35 -0300


Started GET "/assets/jquery_ujs.js?body=1" for 127.0.0.1 at 2014-06-12 12:04:35 -0300


Started GET "/assets/turbolinks.js?body=1" for 127.0.0.1 at 2014-06-12 12:04:35 -0300


Started GET "/assets/application.js?body=1" for 127.0.0.1 at 2014-06-12 12:04:35 -0300


Started GET "/" for 127.0.0.1 at 2014-06-12 12:05:04 -0300
Processing by HomeController#index as HTML
  Rendered home/index.html.erb within layouts/application (0.1ms)
Completed 200 OK in 16ms (Views: 15.4ms | ActiveRecord: 0.0ms)


Started GET "/assets/application.css?body=1" for 127.0.0.1 at 2014-06-12 12:05:04 -0300


Started GET "/assets/jquery.js?body=1" for 127.0.0.1 at 2014-06-12 12:05:04 -0300


Started GET "/assets/application.js?body=1" for 127.0.0.1 at 2014-06-12 12:05:04 -0300


Started GET "/assets/turbolinks.js?body=1" for 127.0.0.1 at 2014-06-12 12:05:04 -0300


Started GET "/assets/jquery_ujs.js?body=1" for 127.0.0.1 at 2014-06-12 12:05:04 -0300


Started GET "/" for 127.0.0.1 at 2014-06-12 12:19:22 -0300
  [1m[36mActiveRecord::SchemaMigration Load (1.3ms)[0m  [1mSELECT "schema_migrations".* FROM "schema_migrations"[0m
Processing by HomeController#index as HTML
  Rendered home/index.html.erb within layouts/application (13.2ms)
Completed 200 OK in 211ms (Views: 172.7ms | ActiveRecord: 0.0ms)


Started GET "/assets/application.css?body=1" for 127.0.0.1 at 2014-06-12 12:19:24 -0300


Started GET "/assets/jquery_ujs.js?body=1" for 127.0.0.1 at 2014-06-12 12:19:24 -0300


Started GET "/assets/jquery.js?body=1" for 127.0.0.1 at 2014-06-12 12:19:24 -0300


Started GET "/assets/turbolinks.js?body=1" for 127.0.0.1 at 2014-06-12 12:19:24 -0300


Started GET "/assets/application.js?body=1" for 127.0.0.1 at 2014-06-12 12:19:24 -0300


Started GET "/" for 127.0.0.1 at 2014-06-12 12:20:18 -0300
Processing by HomeController#index as HTML
  Rendered home/index.html.erb within layouts/application (0.1ms)
Completed 200 OK in 7ms (Views: 6.5ms | ActiveRecord: 0.0ms)


Started GET "/assets/application.css?body=1" for 127.0.0.1 at 2014-06-12 12:20:18 -0300


Started GET "/assets/jquery.js?body=1" for 127.0.0.1 at 2014-06-12 12:20:18 -0300


Started GET "/assets/jquery_ujs.js?body=1" for 127.0.0.1 at 2014-06-12 12:20:18 -0300


Started GET "/assets/application.js?body=1" for 127.0.0.1 at 2014-06-12 12:20:18 -0300


Started GET "/assets/turbolinks.js?body=1" for 127.0.0.1 at 2014-06-12 12:20:18 -0300


Started GET "/" for 127.0.0.1 at 2014-06-12 13:06:01 -0300
  [1m[36mActiveRecord::SchemaMigration Load (0.2ms)[0m  [1mSELECT "schema_migrations".* FROM "schema_migrations"[0m
Processing by HomeController#index as HTML
  Rendered home/index.html.erb within layouts/application (6.5ms)
Completed 200 OK in 363ms (Views: 318.5ms | ActiveRecord: 0.0ms)


Started GET "/assets/application.css?body=1" for 127.0.0.1 at 2014-06-12 13:06:04 -0300


Started GET "/assets/jquery.js?body=1" for 127.0.0.1 at 2014-06-12 13:06:04 -0300


Started GET "/assets/jquery_ujs.js?body=1" for 127.0.0.1 at 2014-06-12 13:06:04 -0300


Started GET "/assets/turbolinks.js?body=1" for 127.0.0.1 at 2014-06-12 13:06:04 -0300


Started GET "/assets/application.js?body=1" for 127.0.0.1 at 2014-06-12 13:06:04 -0300


Started GET "/" for 127.0.0.1 at 2014-06-12 13:11:15 -0300
  [1m[36mActiveRecord::SchemaMigration Load (0.3ms)[0m  [1mSELECT "schema_migrations".* FROM "schema_migrations"[0m
Processing by HomeController#index as HTML
  Rendered home/index.html.erb within layouts/application (7.6ms)
Completed 200 OK in 211ms (Views: 133.5ms | ActiveRecord: 0.0ms)


Started GET "/assets/application.css?body=1" for 127.0.0.1 at 2014-06-12 13:11:17 -0300


Started GET "/assets/jquery.js?body=1" for 127.0.0.1 at 2014-06-12 13:11:17 -0300


Started GET "/assets/jquery_ujs.js?body=1" for 127.0.0.1 at 2014-06-12 13:11:17 -0300


Started GET "/assets/turbolinks.js?body=1" for 127.0.0.1 at 2014-06-12 13:11:17 -0300


Started GET "/assets/application.js?body=1" for 127.0.0.1 at 2014-06-12 13:11:17 -0300


Started GET "/comments" for 127.0.0.1 at 2014-06-12 13:11:20 -0300
Processing by CommentsController#index as JSON
  [1m[35mComment Load (0.2ms)[0m  SELECT "comments".* FROM "comments"
Completed 200 OK in 13ms (Views: 5.4ms | ActiveRecord: 0.2ms)
